<?xml version="1.0" encoding="UTF-8"?>
<testsuite name="LoginConexao" tests="1" skipped="0" failures="0" errors="0" timestamp="2022-06-04T16:31:00" hostname="DESKTOP-9D4SGNT" time="4.68">
  <properties/>
  <testcase name="loginConexao" classname="LoginConexao" time="4.68"/>
  <system-out><![CDATA[]]></system-out>
  <system-err><![CDATA[Starting ChromeDriver 102.0.5005.61 (0e59bcc00cc4985ce39ad31c150065f159d95ad3-refs/branch-heads/5005@{#819}) on port 17058
Only local connections are allowed.
Please see https://chromedriver.chromium.org/security-considerations for suggestions on keeping ChromeDriver safe.
ChromeDriver was started successfully.
jun 04, 2022 1:31:02 PM org.openqa.selenium.remote.ProtocolHandshake createSession
INFORMAÇÕES: Detected dialect: W3C
]]></system-err>
</testsuite>
